#
# There is insufficient memory for the Java Runtime Environment to continue.
# Native memory allocation (mmap) failed to map 65536 bytes for Failed to commit area from 0x0000016c76f10000 to 0x0000016c76f20000 of length 65536.
# Possible reasons:
#   The system is out of physical RAM or swap space
#   The process is running with CompressedOops enabled, and the Java Heap may be blocking the growth of the native heap
# Possible solutions:
#   Reduce memory load on the system
#   Increase physical memory or swap space
#   Check if swap backing store is full
#   Decrease Java heap size (-Xmx/-Xms)
#   Decrease number of Java threads
#   Decrease Java thread stack sizes (-Xss)
#   Set larger code cache with -XX:ReservedCodeCacheSize=
# This output file may be truncated or incomplete.
#
#  Out of Memory Error (t:/workspace/open/src/hotspot/os/windows/os_windows.cpp:3221), pid=7104, tid=7992
#
# JRE version:  (10.0.1+10) (build )
# Java VM: Java HotSpot(TM) 64-Bit Server VM (10.0.1+10, mixed mode, aot, tiered, compressed oops, g1 gc, windows-amd64)
# No core dump will be written. Minidumps are not enabled by default on client versions of Windows
#

---------------  S U M M A R Y ------------

Command Line: -Dfile.encoding=Cp1252 cucumber.api.cli.Main D:/Eclipse/Proj1/demo/src/test/resources/Features/login.feature --glue classpath: --plugin pretty --monochrome

Host: Intel(R) Core(TM) i7-7700HQ CPU @ 2.80GHz, 8 cores, 7G,  Windows 10 , 64 bit Build 18362 (10.0.18362.329)
Time: Thu Mar 12 23:41:02 2020 India Standard Time elapsed time: 0 seconds (0d 0h 0m 0s)

---------------  T H R E A D  ---------------

Current thread (0x0000016c5d883800):  JavaThread "Unknown thread" [_thread_in_vm, id=7992, stack(0x0000005732400000,0x0000005732500000)]

Stack: [0x0000005732400000,0x0000005732500000]
Native frames: (J=compiled Java code, j=interpreted, Vv=VM code, C=native code)
V  [jvm.dll+0x5a0369]
V  [jvm.dll+0x6bcf81]
V  [jvm.dll+0x6be176]
V  [jvm.dll+0x6be803]
V  [jvm.dll+0x234998]
V  [jvm.dll+0x59dc74]
V  [jvm.dll+0x592ab5]
V  [jvm.dll+0x2f625b]
V  [jvm.dll+0x2f61c5]
V  [jvm.dll+0x2f60a2]
V  [jvm.dll+0x2f8398]
V  [jvm.dll+0x3440f7]
V  [jvm.dll+0x3447e6]
V  [jvm.dll+0x3441d3]
V  [jvm.dll+0x2c43b8]
V  [jvm.dll+0x2c5501]
V  [jvm.dll+0x69d33b]
V  [jvm.dll+0x69eb5c]
V  [jvm.dll+0x351849]
V  [jvm.dll+0x6859c2]
V  [jvm.dll+0x3ba0a3]
V  [jvm.dll+0x3bc201]
C  [javaw.exe+0x3541]
C  [javaw.exe+0xe1cf]
C  [javaw.exe+0xe376]
C  [KERNEL32.DLL+0x17bd4]
C  [ntdll.dll+0x6ced1]


---------------  P R O C E S S  ---------------

Threads class SMR info:
_java_thread_list=0x0000016c5b698b40, length=0, elements={
}

Java Threads: ( => current thread )

Other Threads:
  0x0000016c5d89e000 GCTaskThread "GC Thread#0" [stack: 0x0000005732500000,0x0000005732600000] [id=5228]
  0x0000016c5d8a0800 GCTaskThread "GC Thread#1" [stack: 0x0000005732600000,0x0000005732700000] [id=5144]
  0x0000016c5d8a3000 GCTaskThread "GC Thread#2" [stack: 0x0000005732700000,0x0000005732800000] [id=12868]
  0x0000016c5d8a5000 GCTaskThread "GC Thread#3" [stack: 0x0000005732800000,0x0000005732900000] [id=5208]
  0x0000016c5d8aa800 GCTaskThread "GC Thread#4" [stack: 0x0000005732900000,0x0000005732a00000] [id=2168]
  0x0000016c5d8ae000 GCTaskThread "GC Thread#5" [stack: 0x0000005732a00000,0x0000005732b00000] [id=12592]
  0x0000016c5d8af000 GCTaskThread "GC Thread#6" [stack: 0x0000005732b00000,0x0000005732c00000] [id=2864]
  0x0000016c5d8b0800 GCTaskThread "GC Thread#7" [stack: 0x0000005732c00000,0x0000005732d00000] [id=1404]
  0x0000016c5d91f800 ConcurrentGCThread "G1 Main Marker" [stack: 0x0000005732d00000,0x0000005732e00000] [id=15316]
  0x0000016c5d920800 ConcurrentGCThread "G1 Conc#0" [stack: 0x0000005732e00000,0x0000005732f00000] [id=7216]
  0x0000016c5d924800 ConcurrentGCThread "G1 Conc#1" [stack: 0x0000005732f00000,0x0000005733000000] [id=14240]

[error occurred during error reporting (printing all threads), id 0xe0000002]

VM state:not at safepoint (not fully initialized)

VM Mutex/Monitor currently owned by a thread:  ([mutex/lock_event])
[0x0000016c5d881ee0] Heap_lock - owner thread: 0x0000016c5d883800

Heap address: 0x0000000081c00000, size: 2020 MB, Compressed Oops mode: Non-zero based: 0x0000000081c00000
Narrow klass base: 0x0000000000000000, Narrow klass shift: 0

GC Heap History (0 events):
No events

Deoptimization events (0 events):
No events

Classes redefined (0 events):
No events

Internal exceptions (0 events):
No events

Events (0 events):
No events


Dynamic libraries:
0x00007ff727780000 - 0x00007ff7277be000 	C:\Program Files\Java\jre-10.0.1\bin\javaw.exe
0x00007ffe8d380000 - 0x00007ffe8d570000 	C:\Windows\SYSTEM32\ntdll.dll
0x00007ffe8cf80000 - 0x00007ffe8d032000 	C:\Windows\System32\KERNEL32.DLL
0x00007ffe8b180000 - 0x00007ffe8b423000 	C:\Windows\System32\KERNELBASE.dll
0x00007ffe8ca10000 - 0x00007ffe8cab3000 	C:\Windows\System32\ADVAPI32.dll
0x00007ffe8c250000 - 0x00007ffe8c2ee000 	C:\Windows\System32\msvcrt.dll
0x00007ffe8b9d0000 - 0x00007ffe8ba67000 	C:\Windows\System32\sechost.dll
0x00007ffe8cac0000 - 0x00007ffe8cbe0000 	C:\Windows\System32\RPCRT4.dll
0x00007ffe8c0b0000 - 0x00007ffe8c244000 	C:\Windows\System32\USER32.dll
0x00007ffe8a7b0000 - 0x00007ffe8a7d1000 	C:\Windows\System32\win32u.dll
0x00007ffe8bfa0000 - 0x00007ffe8bfc6000 	C:\Windows\System32\GDI32.dll
0x00007ffe8a340000 - 0x00007ffe8a4d4000 	C:\Windows\System32\gdi32full.dll
0x00007ffe8a640000 - 0x00007ffe8a6de000 	C:\Windows\System32\msvcp_win.dll
0x00007ffe8a4e0000 - 0x00007ffe8a5da000 	C:\Windows\System32\ucrtbase.dll
0x00007ffe75840000 - 0x00007ffe75ac5000 	C:\Windows\WinSxS\amd64_microsoft.windows.common-controls_6595b64144ccf1df_6.0.18362.719_none_e6c7b883130c6729\COMCTL32.dll
0x00007ffe854a0000 - 0x00007ffe854aa000 	C:\Windows\SYSTEM32\VERSION.dll
0x00007ffe8b690000 - 0x00007ffe8b9c6000 	C:\Windows\System32\combase.dll
0x00007ffe8b0b0000 - 0x00007ffe8b130000 	C:\Windows\System32\bcryptPrimitives.dll
0x00007ffe8bf60000 - 0x00007ffe8bf8e000 	C:\Windows\System32\IMM32.DLL
0x00007ffe6c1f0000 - 0x00007ffe6c2df000 	C:\Program Files\Java\jre-10.0.1\bin\msvcr120.dll
0x00007ffe6c140000 - 0x00007ffe6c1e6000 	C:\Program Files\Java\jre-10.0.1\bin\msvcp120.dll
0x000000006e660000 - 0x000000006f0d0000 	C:\Program Files\Java\jre-10.0.1\bin\server\jvm.dll
0x00007ffe8bf90000 - 0x00007ffe8bf98000 	C:\Windows\System32\PSAPI.DLL
0x00007ffe879f0000 - 0x00007ffe87a14000 	C:\Windows\SYSTEM32\WINMM.dll
0x00007ffe86e00000 - 0x00007ffe86e09000 	C:\Windows\SYSTEM32\WSOCK32.dll
0x00007ffe8c040000 - 0x00007ffe8c0af000 	C:\Windows\System32\WS2_32.dll
0x00007ffe86ec0000 - 0x00007ffe86eed000 	C:\Windows\SYSTEM32\winmmbase.dll
0x00007ffe8b130000 - 0x00007ffe8b17a000 	C:\Windows\System32\cfgmgr32.dll
0x00007ffe86de0000 - 0x00007ffe86def000 	C:\Program Files\Java\jre-10.0.1\bin\verify.dll
0x00007ffe75ad0000 - 0x00007ffe75cc4000 	C:\Windows\SYSTEM32\DBGHELP.DLL
0x00007ffe75550000 - 0x00007ffe7557a000 	C:\Windows\SYSTEM32\dbgcore.DLL
0x00007ffe86d40000 - 0x00007ffe86d67000 	C:\Program Files\Java\jre-10.0.1\bin\java.dll
0x00007ffe86d20000 - 0x00007ffe86d36000 	C:\Program Files\Java\jre-10.0.1\bin\zip.dll
0x00007ffe86dd0000 - 0x00007ffe86dda000 	C:\Program Files\Java\jre-10.0.1\bin\jimage.dll

dbghelp: loaded successfully - version: 4.0.5 - missing functions: none
symbol engine: initialized successfully - sym options: 0x614 - pdb path: .;C:\Program Files\Java\jre-10.0.1\bin;C:\Windows\SYSTEM32;C:\Windows\WinSxS\amd64_microsoft.windows.common-controls_6595b64144ccf1df_6.0.18362.719_none_e6c7b883130c6729;C:\Program Files\Java\jre-10.0.1\bin\server

VM Arguments:
jvm_args: -Dfile.encoding=Cp1252 
java_command: cucumber.api.cli.Main D:/Eclipse/Proj1/demo/src/test/resources/Features/login.feature --glue classpath: --plugin pretty --monochrome
java_class_path (initial): C:\Users\koner\git\demo\target\classes;C:\Users\koner\git\demo\target\test-classes;C:\Users\koner\.m2\repository\io\cucumber\cucumber-junit\5.4.1\cucumber-junit-5.4.1.jar;C:\Users\koner\.m2\repository\org\apiguardian\apiguardian-api\1.1.0\apiguardian-api-1.1.0.jar;C:\Users\koner\.m2\repository\io\cucumber\cucumber-core\5.4.2\cucumber-core-5.4.2.jar;C:\Users\koner\.m2\repository\io\cucumber\cucumber-gherkin\5.4.2\cucumber-gherkin-5.4.2.jar;C:\Users\koner\.m2\repository\io\cucumber\cucumber-gherkin-vintage\5.4.2\cucumber-gherkin-vintage-5.4.2.jar;C:\Users\koner\.m2\repository\io\cucumber\tag-expressions\2.0.4\tag-expressions-2.0.4.jar;C:\Users\koner\.m2\repository\io\cucumber\cucumber-expressions\8.3.1\cucumber-expressions-8.3.1.jar;C:\Users\koner\.m2\repository\io\cucumber\datatable\3.3.0\datatable-3.3.0.jar;C:\Users\koner\.m2\repository\io\cucumber\cucumber-plugin\5.4.2\cucumber-plugin-5.4.2.jar;C:\Users\koner\.m2\repository\io\cucumber\docstring\5.4.2\docstring-5.4.2.jar;C:\Users\koner\.m2\repository\io\cucumber\cucumber-testng\5.4.2\cucumber-testng-5.4.2.jar;C:\Users\koner\.m2\repository\org\testng\testng\7.1.0\testng-7.1.0.jar;C:\Users\koner\.m2\repository\com\beust\jcommander\1.72\jcommander-1.72.jar;C:\Users\koner\.m2\repository\com\google\inject\guice\4.1.0\guice-4.1.0-no_aop.jar;C:\Users\koner\.m2\repository\javax\inject\javax.inject\1\javax.inject-1.jar;C:\Users\koner\.m2\repository\aopalliance\aopalliance\1.0\aopalliance-1.0.jar;C:\Users\koner\.m2\repository\org\yaml\snakeyaml\1.21\snakeyaml-1.21.jar;C:\Users\koner\.m2\repository\io\cucumber\cucumber-java\5.4.2\cucumber-java-5.4.2.jar;C:\Users\koner\.m2\repository\io\cucumber\cucumber-picocontainer\5.4.2\cucumber-picocontainer-5.4.2.jar;C:\Users\koner\.m2\repository\org\picocontainer\picocontainer\2.15\picocontainer-2.15.jar;C:\Users\koner\.m2\repository\junit\junit\4.13\junit-4.13.jar;C:\Users\koner\.m2\repository\org\hamcrest\hamcrest-core\1.3\hamcrest-core-1.3.jar;C:\Users\ko
Launcher Type: SUN_STANDARD

Logging:
Log output configuration:
#0: stdout all=warning uptime,level,tags
#1: stderr all=off uptime,level,tags

Environment Variables:
PATH=C:\Program Files (x86)\Common Files\Oracle\Java\javapath;C:\Windows\system32;C:\Windows;C:\Windows\System32\Wbem;C:\Windows\System32\WindowsPowerShell\v1.0\;C:\Windows\System32\OpenSSH\;C:\Users\koner\AppData\Local\Microsoft\WindowsApps;
USERNAME=koner
OS=Windows_NT
PROCESSOR_IDENTIFIER=Intel64 Family 6 Model 158 Stepping 9, GenuineIntel



---------------  S Y S T E M  ---------------

OS: Windows 10 , 64 bit Build 18362 (10.0.18362.329)

CPU:total 8 (initial active 8) (4 cores per cpu, 2 threads per core) family 6 model 158 stepping 9, cmov, cx8, fxsr, mmx, sse, sse2, sse3, ssse3, sse4.1, sse4.2, popcnt, avx, avx2, aes, clmul, erms, 3dnowpref, lzcnt, ht, tsc, tscinvbit, bmi1, bmi2, adx, fma

Memory: 4k page, physical 8270668k(1203760k free), swap 27859016k(3120k free)

vm_info: Java HotSpot(TM) 64-Bit Server VM (10.0.1+10) for windows-amd64 JRE (10.0.1+10), built on Mar 27 2018 02:27:48 by "mach5one" with MS VC++ 12.0 (VS2013)

END.
